Begin summary daily adjustment.
Begin daily game summary adjustment.
End summary daily adjustment.
End daily game summary adjustment.
Begin summary daily adjustment.
Begin daily game summary adjustment.
End summary daily adjustment.
End daily game summary adjustment.
Begin today's adjustment.
Begin today's game adjustment.
End today's adjustment.
End today's game adjustment.
Begin today's adjustment.
Begin today's game adjustment.
End today's game adjustment.
End today's adjustment.
Begin summary daily adjustment.
Begin daily game summary adjustment.
End daily game summary adjustment.
End summary daily adjustment.
Begin summary daily adjustment.
Begin daily game summary adjustment.
End daily game summary adjustment.
End summary daily adjustment.
Begin summary daily adjustment.
Begin daily game summary adjustment.
End daily game summary adjustment.
End summary daily adjustment.
Begin daily game summary adjustment.
Begin summary daily adjustment.
End daily game summary adjustment.
End summary daily adjustment.
Begin today's adjustment.
Begin today's game adjustment.
End today's game adjustment.
End today's adjustment.
Begin kten rounds : 2023-09-04 00:00:00 ~ 2023-09-12 23:59:59
Getting omitted history from 2023-09-04 00:00:00
Proceed omitted records count = 66
Getting omitted history from 0
Proceed omitted records count = 0
No more history after 0
End kten rounds. last id = 0
